<?xml version="1.0" encoding="UTF-8"?>
<testsuite name="ShortestTests" tests="1" skipped="0" failures="0" errors="0" timestamp="2022-11-23T16:29:20" hostname="GE32" time="0.001">
  <properties/>
  <testcase name="testSolution" classname="ShortestTests" time="0.001"/>
  <system-out><![CDATA[]]></system-out>
  <system-err><![CDATA[]]></system-err>
</testsuite>
